=~=~=~=~=~=~=~=~=~=~=~= PuTTY log 2024.11.23 11:03:05 =~=~=~=~=~=~=~=~=~=~=~=
LoRa Receiver setup complete.
Received: ~Icarus~ (N,X,Y,Z) {9,  -9.92,   2.04,  -0.43}
Received: ~Icarus~ (N,X,Y,Z) {0,  -9.85,   1.96,  -0.47}
Received: ~Icarus~ (N,X,Y,Z) {1,  -9.85,   2.00,  -0.59}
Received: ~Icarus~ (N,X,Y,Z) {2,  -9.89,   1.96,  -0.51}
Received: ~Icarus~ (N,X,Y,Z) {3,  -9.81,   2.04,  -0.43}
Received: ~Icarus~ (N,X,Y,Z) {4,  -9.85,   1.88,  -0.31}
Received: ~Icarus~ (N,X,Y,Z) {5,  -9.85,   1.96,  -0.43}
Received: ~Icarus~ (N,X,Y,Z) {6,  -9.89,   1.88,  -0.47}
Received: ~Icarus~ (N,X,Y,Z) {7,  -9.89,   2.00,  -0.43}
Received: ~Icarus~ (N,X,Y,Z) {8,  -9.81,   1.96,  -0.43}
Received: ~Icarus~ (N,X,Y,Z) {9,  -9.81,   1.88,  -0.35}
Received: ~Icarus~ (N,X,Y,Z) {0,  -9.85,   2.00,  -0.35}
Received: ~Icarus~ (N,X,Y,Z) {1,  -9.89,   1.96,  -0.35}
Received: ~Icarus~ (N,X,Y,Z) {2,  -9.85,   1.92,  -0.27}
Received: ~Icarus~ (N,X,Y,Z) {3,  -9.89,   1.92,  -0.39}
Received: ~Icarus~ (N,X,Y,Z) {4,  -9.89,   1.96,  -0.51}
Received: ~Icarus~ (N,X,Y,Z) {5,  -9.89,   1.96,  -0.39}
Received: ~Icarus~ (N,X,Y,Z) {6,  -9.85,   1.92,  -0.43}
Received: ~Icarus~ (N,X,Y,Z) {7,  -9.89,   1.96,  -0.39}
Received: ~Icarus~ (N,X,Y,Z) {8,  -9.89,   1.92,  -0.43}
Received: ~Icarus~ (N,X,Y,Z) {9,  -9.85,   1.88,  -0.55}
Received: ~Icarus~ (N,X,Y,Z) {0,  -9.81,   1.96,  -0.43}
Received: ~Icarus~ (N,X,Y,Z) {1,  -9.85,   1.96,  -0.39}
Received: ~Icarus~ (N,X,Y,Z) {2,  -9.89,   2.00,  -0.35}
Received: ~Icarus~ (N,X,Y,Z) {3,  -9.85,   1.92,  -0.51}
Received: ~Icarus~ (N,X,Y,Z) {4,  -9.89,   1.96,  -0.39}
Received: ~Icarus~ (N,X,Y,Z) {5,  -9.85,   1.96,  -0.39}
Received: ~Icarus~ (N,X,Y,Z) {6,  -9.92,   1.96,  -0.39}
Received: ~Icarus~ (N,X,Y,Z) {7,  -9.81,   1.88,  -0.43}
Received: ~Icarus~ (N,X,Y,Z) {8,  -9.81,   1.92,  -0.39}
Received: ~Icarus~ (N,X,Y,Z) {9,  -9.89,   1.92,  -0.35}
Received: ~Icarus~ (N,X,Y,Z) {0,  -9.81,   2.00,  -0.39}
Received: ~Icarus~ (N,X,Y,Z) {1,  -9.89,   1.96,  -0.35}
Received: ~Icarus~ (N,X,Y,Z) {2,  -9.89,   1.96,  -0.43}
Received: ~Icarus~ (N,X,Y,Z) {4,  -9.81,   1.92,  -0.35}
Received: ~Icarus~ (N,X,Y,Z) {5,  -9.81,   1.92,  -0.47}
Received: ~Icarus~ (N,X,Y,Z) {6,  -9.85,   1.96,  -0.43}
Received: ~Icarus~ (N,X,Y,Z) {7,  -9.77,   1.84,  -0.43}
Received: ~Icarus~ (N,X,Y,Z) {8,  -9.85,   1.92,  -0.51}
Received: ~Icarus~ (N,X,Y,Z) {0,  -9.81,   2.00,  -0.35}
Received: ~Icarus~ (N,X,Y,Z) {1,  -9.85,   1.92,  -0.47}
Received: ~Icarus~ (N,X,Y,Z) {2,  -9.85,   1.96,  -0.39}
Received: ~Icarus~ (N,X,Y,Z) {3,  -9.81,   1.88,  -0.51}
Received: ~Icarus~ (N,X,Y,Z) {4,  -9.85,   1.92,  -0.47}
Received: ~Icarus~ (N,X,Y,Z) {5,  -9.89,   1.92,  -0.39}
Received: ~Icarus~ (N,X,Y,Z) {6,  -9.85,   1.92,  -0.39}
Received: ~Icarus~ (N,X,Y,Z) {7,  -9.89,   2.00,  -0.47}
Received: ~Icarus~ (N,X,Y,Z) {8,  -9.89,   1.92,  -0.43}
Received: ~Icarus~ (N,X,Y,Z) {0,  -9.89,   1.96,  -0.43}
Received: ~Icarus~ (N,X,Y,Z) {1,  -9.92,   2.00,  -0.39}
Received: ~Icarus~ (N,X,Y,Z) {2,  -9.81,   1.88,  -0.43}
Received: ~Icarus~ (N,X,Y,Z) {3,  -9.85,   1.92,  -0.47}
Received: ~Icarus~ (N,X,Y,Z) {4,  -9.85,   1.88,  -0.43}
Received: ~Icarus~ (N,X,Y,Z) {5,  -9.85,   1.88,  -0.43}
Received: ~Icarus~ (N,X,Y,Z) {6,  -9.89,   1.96,  -0.39}
Received: ~Icarus~ (N,X,Y,Z) {7,  -9.81,   1.92,  -0.43}
Received: ~Icarus~ (N,X,Y,Z) {8,  -9.81,   1.96,  -0.43}
Received: ~Icarus~ (N,X,Y,Z) {0,  -9.85,   2.00,  -0.39}
Received: ~Icarus~ (N,X,Y,Z) {1,  -9.81,   2.00,  -0.31}
Received: ~Icarus~ (N,X,Y,Z) {2,  -9.81,   2.00,  -0.47}
Received: ~Icarus~ (N,X,Y,Z) {3,  -9.85,   1.96,  -0.47}
Received: ~Icarus~ (N,X,Y,Z) {4,  -9.92,   1.96,  -0.43}
Received: ~Icarus~ (N,X,Y,Z) {5,  -9.89,   1.92,  -0.47}
Received: ~Icarus~ (N,X,Y,Z) {6,  -9.81,   1.88,  -0.39}
Received: ~Icarus~ (N,X,Y,Z) {7,  -9.92,   1.92,  -0.47}
Received: ~Icarus~ (N,X,Y,Z) {8,  -9.85,   1.92,  -0.39}
Received: ~Icarus~ (N,X,Y,Z) {0,  -9.85,   1.96,  -0.39}
Received: ~Icarus~ (N,X,Y,Z) {1,  -9.81,   2.00,  -0.47}
Received: ~Icarus~ (N,X,Y,Z) {2,  -9.92,   2.00,  -0.39}
Received: ~Icarus~ (N,X,Y,Z) {3,  -9.89,   1.96,  -0.43}
Received: ~Icarus~ (N,X,Y,Z) {4,  -9.92,   2.00,  -0.35}
Received: ~Icarus~ (N,X,Y,Z) {5,  -9.85,   1.96,  -0.47}
Received: ~Icarus~ (N,X,Y,Z) {6,  -9.85,   1.96,  -0.47}
Received: ~Icarus~ (N,X,Y,Z) {7,  -9.85,   1.88,  -0.39}
Received: ~Icarus~ (N,X,Y,Z) {0,  -9.81,   1.92,  -0.51}
Received: ~Icarus~ (N,X,Y,Z) {1,  -9.81,   1.92,  -0.39}
Received: ~Icarus~ (N,X,Y,Z) {2,  -9.89,   1.96,  -0.31}
Received: ~Icarus~ (N,X,Y,Z) {3,  -9.89,   1.92,  -0.43}
Received: ~Icarus~ (N,X,Y,Z) {4,  -9.81,   1.88,  -0.51}
Received: ~Icarus~ (N,X,Y,Z) {5,  -9.85,   1.88,  -0.43}
Received: ~Icarus~ (N,X,Y,Z) {6,  -9.85,   1.92,  -0.43}
Received: ~Icarus~ (N,X,Y,Z) {7,  -9.92,   1.96,  -0.47}
Received: ~Icarus~ (N,X,Y,Z) {0,  -9.85,   2.00,  -0.43}
Received: ~Icarus~ (N,X,Y,Z) {1,  -9.85,   1.88,  -0.47}
Received: ~Icarus~ (N,X,Y,Z) {2,  -9.89,   1.92,  -0.39}
Received: ~Icarus~ (N,X,Y,Z) {3,  -9.85,   1.92,  -0.43}
Received: ~Icarus~ (N,X,Y,Z) {4,  -9.85,   1.96,  -0.39}
Received: ~Icarus~ (N,X,Y,Z) {5,  -9.85,   1.88,  -0.43}
Received: ~Icarus~ (N,X,Y,Z) {6,  -9.85,   1.96,  -0.47}
Received: ~Icarus~ (N,X,Y,Z) {7,  -9.85,   1.92,  -0.39}
Received: ~Icarus~ (N,X,Y,Z) {0,  -9.89,   2.00,  -0.39}
Received: ~Icarus~ (N,X,Y,Z) {1,  -9.89,   1.92,  -0.51}
Received: ~Icarus~ (N,X,Y,Z) {2,  -9.85,   1.96,  -0.39}
Received: ~Icarus~ (N,X,Y,Z) {3,  -9.89,   2.00,  -0.39}
Received: ~Icarus~ (N,X,Y,Z) {4,  -9.89,   1.96,  -0.47}
Received: ~Icarus~ (N,X,Y,Z) {5,  -9.85,   1.92,  -0.39}
Received: ~Icarus~ (N,X,Y,Z) {6,  -9.92,   1.96,  -0.47}
Received: ~Icarus~ (N,X,Y,Z) {7,  -9.85,   1.96,  -0.43}
Received: ~Icarus~ (N,X,Y,Z) {0,  -9.89,   1.92,  -0.47}
Received: ~Icarus~ (N,X,Y,Z) {1,  -9.92,   1.88,  -0.55}
Received: ~Icarus~ (N,X,Y,Z) {2,  -9.92,   2.00,  -0.47}
Received: ~Icarus~ (N,X,Y,Z) {3, -10.04,   2.04,  -0.63}
Received: ~Icarus~ (N,X,Y,Z) {4,  -9.89,   1.88,  -0.39}
Received: ~Icarus~ (N,X,Y,Z) {5,  -9.85,   1.92,  -0.51}
Received: ~Icarus~ (N,X,Y,Z) {6,  -9.96,   2.04,  -0.43}
Received: ~Icarus~ (N,X,Y,Z) {7,  -9.92,   1.80,  -0.47}
Received: ~Icarus~ (N,X,Y,Z) {0,  -9.92,   1.92,  -0.31}
Received: ~Icarus~ (N,X,Y,Z) {1,  -9.92,   1.88,  -0.43}
Received: ~Icarus~ (N,X,Y,Z) {2,  -9.96,   1.96,  -0.63}
Received: ~Icarus~ (N,X,Y,Z) {3,  -9.92,   1.96,  -0.43}
Received: ~Icarus~ (N,X,Y,Z) {4,  -9.92,   1.88,  -0.39}
Received: ~Icarus~ (N,X,Y,Z) {5,  -9.92,   1.88,  -0.43}
Received: ~Icarus~ (N,X,Y,Z) {6, -10.00,   1.80,  -1.10}
Received: ~Icarus~ (N,X,Y,Z) {7,  -9.53,   1.33,   0.12}
Received: ~Icarus~ (N,X,Y,Z) {0, -10.04,   1.53,   0.00}
Received: ~Icarus~ (N,X,Y,Z) {1,  -9.96,   2.16,  -0.31}
Received: ~Icarus~ (N,X,Y,Z) {2,  -9.92,   2.43,   0.51}
Received: ~Icarus~ (N,X,Y,Z) {3,  -9.96,   2.51,   0.24}
Received: ~Icarus~ (N,X,Y,Z) {4,  -9.92,   1.96,  -0.78}
Received: ~Icarus~ (N,X,Y,Z) {5,  -9.92,   1.77,  -0.94}
Received: ~Icarus~ (N,X,Y,Z) {6,  -9.85,   2.20,  -0.55}
Received: ~Icarus~ (N,X,Y,Z) {0,  -9.81,   2.12,  -0.47}
Received: ~Icarus~ (N,X,Y,Z) {1,  -9.89,   2.67,   0.20}
Received: ~Icarus~ (N,X,Y,Z) {2,  -9.92,   2.31,   0.04}
Received: ~Icarus~ (N,X,Y,Z) {3,  -9.89,   2.39,   0.04}
Received: ~Icarus~ (N,X,Y,Z) {4,  -9.92,   2.04,  -0.08}
Received: ~Icarus~ (N,X,Y,Z) {5,  -9.89,   2.20,  -0.16}
Received: ~Icarus~ (N,X,Y,Z) {6,  -9.89,   1.88,   0.04}
Received: ~Icarus~ (N,X,Y,Z) {0,  -9.89,   2.31,  -0.86}
Received: ~Icarus~ (N,X,Y,Z) {1,  -9.96,   2.63,   0.20}
Received: ~Icarus~ (N,X,Y,Z) {2,  -9.92,   2.71,  -0.12}
Received: ~Icarus~ (N,X,Y,Z) {3,  -9.92,   2.39,  -0.04}
Received: ~Icarus~ (N,X,Y,Z) {4,  -9.89,   2.28,  -0.59}
Received: ~Icarus~ (N,X,Y,Z) {5,  -9.92,   1.80,  -0.24}
Received: ~Icarus~ (N,X,Y,Z) {6,  -9.92,   2.16,  -0.47}
Received: ~Icarus~ (N,X,Y,Z) {0,  -9.85,   2.31,  -0.31}
Received: ~Icarus~ (N,X,Y,Z) {1,  -9.89,   2.28,  -0.51}
Received: ~Icarus~ (N,X,Y,Z) {2,  -9.92,   2.16,  -0.27}
Received: ~Icarus~ (N,X,Y,Z) {3,  -9.92,   2.28,  -0.35}
Received: ~Icarus~ (N,X,Y,Z) {4,  -9.85,   2.24,  -0.24}
Received: ~Icarus~ (N,X,Y,Z) {5,  -9.89,   2.24,  -0.27}
Received: ~Icarus~ (N,X,Y,Z) {6,  -9.85,   2.16,  -0.35}
Received: ~Icarus~ (N,X,Y,Z) {0,  -9.89,   3.96,  -0.04}
Received: ~Icarus~ (N,X,Y,Z) {1,  -9.73,   1.33,  -1.22}
Received: ~Icarus~ (N,X,Y,Z) {2,  -7.06,   5.92,   1.33}
Received: ~Icarus~ (N,X,Y,Z) {3,  -9.96,   0.75,  -0.71}
Received: ~Icarus~ (N,X,Y,Z) {4,  -9.77,   2.47,  -0.04}
Received: ~Icarus~ (N,X,Y,Z) {5,  -9.85,   2.43,  -0.27}
Received: ~Icarus~ (N,X,Y,Z) {6, -10.08,   2.28,  -0.27}
Received: ~Icarus~ (N,X,Y,Z) {0,  -9.85,   1.80,  -0.35}
Received: ~Icarus~ (N,X,Y,Z) {1,  -9.92,   1.80,  -0.20}
Received: ~Icarus~ (N,X,Y,Z) {2,  -9.89,   1.80,  -0.20}
Received: ~Icarus~ (N,X,Y,Z) {3,  -9.92,   1.84,  -0.31}
Received: ~Icarus~ (N,X,Y,Z) {4,  -9.92,   1.84,  -0.24}
Received: ~Icarus~ (N,X,Y,Z) {5,  -9.34,   1.84,  -0.08}
Received: ~Icarus~ (N,X,Y,Z) {6, -10.20,   2.04,   0.35}
Received: ~Icarus~ (N,X,Y,Z) {0,  -9.92,   2.04,  -0.20}
Received: ~Icarus~ (N,X,Y,Z) {1,  -9.96,   1.77,  -0.31}
Received: ~Icarus~ (N,X,Y,Z) {2,  -9.85,   2.04,  -0.24}
Received: ~Icarus~ (N,X,Y,Z) {3,  -9.92,   1.84,  -0.27}
Received: ~Icarus~ (N,X,Y,Z) {4,  -9.89,   1.88,  -0.31}
Received: ~Icarus~ (N,X,Y,Z) {5,  -9.89,   1.92,  -0.20}
Received: ~Icarus~ (N,X,Y,Z) {6,  -9.92,   1.96,  -0.12}
Received: ~Icarus~ (N,X,Y,Z) {0,  -9.92,   2.00,  -0.20}
Received: ~Icarus~ (N,X,Y,Z) {1, -10.00,   1.96,  -0.12}
Received: ~Icarus~ (N,X,Y,Z) {2,  -9.89,   1.92,  -0.24}
Received: ~Icarus~ (N,X,Y,Z) {3,  -9.96,   1.88,  -0.24}
Received: ~Icarus~ (N,X,Y,Z) {4,  -9.89,   1.96,  -0.24}
Received: ~Icarus~ (N,X,Y,Z) {5,  -9.92,   1.88,  -0.27}
Received: ~Icarus~ (N,X,Y,Z) {0,  -9.92,   1.96,  -0.16}
Received: ~Icarus~ (N,X,Y,Z) {1,  -9.89,   1.77,  -0.20}
Received: ~Icarus~ (N,X,Y,Z) {2,  -9.92,   1.84,  -0.20}
Received: ~Icarus~ (N,X,Y,Z) {3,  -9.89,   2.00,  -0.20}
Received: ~Icarus~ (N,X,Y,Z) {4,  -9.85,   2.04,  -0.12}
Received: ~Icarus~ (N,X,Y,Z) {5,  -9.92,   1.92,  -0.12}
Received: ~Icarus~ (N,X,Y,Z) {0,  -9.89,   1.92,  -0.20}
Received: ~Icarus~ (N,X,Y,Z) {1,  -9.92,   1.92,  -0.24}
Received: ~Icarus~ (N,X,Y,Z) {2,  -9.96,   1.88,  -0.16}
Received: ~Icarus~ (N,X,Y,Z) {3,  -9.92,   1.88,  -0.20}
Received: ~Icarus~ (N,X,Y,Z) {4,  -9.89,   1.92,  -0.20}
Received: ~Icarus~ (N,X,Y,Z) {5,  -9.85,   1.88,  -0.12}
Received: ~Icarus~ (N,X,Y,Z) {0,  -9.89,   1.92,  -0.20}
Received: ~Icarus~ (N,X,Y,Z) {1,  -9.92,   1.92,  -0.16}
Received: ~Icarus~ (N,X,Y,Z) {2,  -9.96,   1.92,  -0.24}
Received: ~Icarus~ (N,X,Y,Z) {3,  -9.89,   1.92,  -0.20}
Received: ~Icarus~ (N,X,Y,Z) {4,  -9.92,   1.96,  -0.20}
Received: ~Icarus~ (N,X,Y,Z) {5,  -9.89,   1.92,  -0.16}
Received: ~Icarus~ (N,X,Y,Z) {0,  -9.85,   2.04,  -0.24}
Received: ~Icarus~ (N,X,Y,Z) {1,  -9.85,   1.96,  -0.20}
Received: ~Icarus~ (N,X,Y,Z) {2,  -9.96,   1.96,  -0.20}
Received: ~Icarus~ (N,X,Y,Z) {3,  -9.92,   2.04,  -0.12}
Received: ~Icarus~ (N,X,Y,Z) {4,  -9.92,   2.00,  -0.20}
Received: ~Icarus~ (N,X,Y,Z) {5,  -9.85,   2.55,   0.12}
Received: ~Icarus~ (N,X,Y,Z) {0,  -9.92,   2.00,  -0.20}
Received: ~Icarus~ (N,X,Y,Z) {1,  -9.89,   2.08,  -0.16}
Received: ~Icarus~ (N,X,Y,Z) {2,  -9.92,   1.92,  -0.24}
Received: ~Icarus~ (N,X,Y,Z) {3,  -9.92,   1.80,  -0.27}
Received: ~Icarus~ (N,X,Y,Z) {4,  -9.92,   2.12,  -0.16}
Received: ~Icarus~ (N,X,Y,Z) {5,  -9.92,   1.92,  -0.12}
Received: ~Icarus~ (N,X,Y,Z) {0,  -9.77,   1.84,   0.00}
Received: ~Icarus~ (N,X,Y,Z) {1,  -9.96,   1.84,  -0.08}
Received: ~Icarus~ (N,X,Y,Z) {2,  -9.96,   1.88,  -0.31}
Received: ~Icarus~ (N,X,Y,Z) {3,  -9.89,   1.92,  -0.16}
Received: ~Icarus~ (N,X,Y,Z) {4,  -9.81,   1.96,  -0.27}
Received: ~Icarus~ (N,X,Y,Z) {5,  -9.85,   1.92,  -0.08}
Received: ~Icarus~ (N,X,Y,Z) {0,  -9.85,   1.96,  -0.20}
Received: ~Icarus~ (N,X,Y,Z) {1,  -9.89,   1.92,  -0.20}
Received: ~Icarus~ (N,X,Y,Z) {2,  -9.85,   2.00,  -0.20}
Received: ~Icarus~ (N,X,Y,Z) {3,  -9.92,   2.00,  -0.20}
Received: ~Icarus~ (N,X,Y,Z) {4,  -9.89,   1.92,  -0.20}
Received: ~Icarus~ (N,X,Y,Z) {5,  -9.85,   2.00,  -0.08}
Received: ~Icarus~ (N,X,Y,Z) {0,  -9.89,   2.08,  -0.08}
Received: ~Icarus~ (N,X,Y,Z) {1,  -9.85,   2.04,  -0.16}
Received: ~Icarus~ (N,X,Y,Z) {2,  -9.85,   2.00,  -0.12}
Received: ~Icarus~ (N,X,Y,Z) {3,  -9.85,   2.00,  -0.16}
Received: ~Icarus~ (N,X,Y,Z) {4,  -9.81,   1.96,  -0.08}
Received: ~Icarus~ (N,X,Y,Z) {5,  -9.81,   1.96,  -0.08}
Received: ~Icarus~ (N,X,Y,Z) {0,  -9.81,   2.00,  -0.20}
Received: ~Icarus~ (N,X,Y,Z) {1,  -9.89,   2.00,  -0.08}
Received: ~Icarus~ (N,X,Y,Z) {2,  -9.85,   1.96,  -0.08}
Received: ~Icarus~ (N,X,Y,Z) {3,  -9.89,   2.00,  -0.08}
Received: ~Icarus~ (N,X,Y,Z) {4,  -9.89,   2.00,  -0.16}
Received: ~Icarus~ (N,X,Y,Z) {5,  -9.85,   1.96,  -0.08}
Received: ~Icarus~ (N,X,Y,Z) {0,  -9.85,   2.04,  -0.12}
Received: ~Icarus~ (N,X,Y,Z) {1,  -9.85,   1.92,  -0.16}
Received: ~Icarus~ (N,X,Y,Z) {2,  -9.85,   2.08,  -0.12}
Received: ~Icarus~ (N,X,Y,Z) {3,  -9.89,   2.00,  -0.16}
Received: ~Icarus~ (N,X,Y,Z) {4,  -9.89,   2.00,  -0.08}
Received: ~Icarus~ (N,X,Y,Z) {0,  -9.89,   1.96,  -0.08}
Received: ~Icarus~ (N,X,Y,Z) {1,  -9.81,   2.04,  -0.16}
Received: ~Icarus~ (N,X,Y,Z) {2,  -9.89,   2.04,  -0.12}
Received: ~Icarus~ (N,X,Y,Z) {3,  -9.81,   2.00,  -0.16}
Received: ~Icarus~ (N,X,Y,Z) {4,  -9.85,   2.00,  -0.08}
Received: ~Icarus~ (N,X,Y,Z) {5,  -9.85,   2.00,  -0.16}
Received: ~Icarus~ (N,X,Y,Z) {0,  -9.81,   1.96,  -0.12}
Received: ~Icarus~ (N,X,Y,Z) {1,  -9.85,   2.04,  -0.08}
Received: ~Icarus~ (N,X,Y,Z) {2,  -9.85,   2.04,  -0.08}
Received: ~Icarus~ (N,X,Y,Z) {3,  -9.89,   1.96,  -0.20}
Received: ~Icarus~ (N,X,Y,Z) {4,  -9.85,   2.00,  -0.12}
Received: ~Icarus~ (N,X,Y,Z) {0,  -9.85,   2.00,  -0.16}
Received: ~Icarus~ (N,X,Y,Z) {1,  -9.89,   2.04,  -0.12}
Received: ~Icarus~ (N,X,Y,Z) {2,  -9.89,   2.04,  -0.08}
Received: ~Icarus~ (N,X,Y,Z) {3,  -9.85,   2.00,  -0.04}
Received: ~Icarus~ (N,X,Y,Z) {4,  -9.85,   2.00,  -0.08}
Received: ~Icarus~ (N,X,Y,Z) {0,  -9.89,   2.08,  -0.12}
Received: ~Icarus~ (N,X,Y,Z) {1,  -9.81,   2.04,  -0.12}
Received: ~Icarus~ (N,X,Y,Z) {2,  -9.85,   1.92,  -0.16}
Received: ~Icarus~ (N,X,Y,Z) {3,  -9.85,   1.88,  -0.16}
Received: ~Icarus~ (N,X,Y,Z) {4,  -9.81,   1.96,  -0.12}
Received: ~Icarus~ (N,X,Y,Z) {0,  -9.85,   2.04,  -0.20}
Received: ~Icarus~ (N,X,Y,Z) {1,  -9.85,   1.96,  -0.12}
Received: ~Icarus~ (N,X,Y,Z) {2,  -9.81,   2.00,  -0.12}
Received: ~Icarus~ (N,X,Y,Z) {3,  -9.77,   2.04,  -0.16}
Received: ~Icarus~ (N,X,Y,Z) {4,  -9.77,   1.96,  -0.16}
Received: ~Icarus~ (N,X,Y,Z) {0,  -9.85,   2.00,  -0.24}
Received: ~Icarus~ (N,X,Y,Z) {1,  -9.89,   2.04,  -0.08}
Received: ~Icarus~ (N,X,Y,Z) {2,  -9.81,   1.96,  -0.12}
Received: ~Icarus~ (N,X,Y,Z) {3,  -9.89,   2.04,  -0.08}
Received: ~Icarus~ (N,X,Y,Z) {4,  -9.81,   1.88,  -0.16}
Received: ~Icarus~ (N,X,Y,Z) {0,  -9.85,   2.00,  -0.12}
Received: ~Icarus~ (N,X,Y,Z) {1,  -9.89,   1.92,  -0.16}
Received: ~Icarus~ (N,X,Y,Z) {2,  -9.85,   2.00,  -0.12}
Received: ~Icarus~ (N,X,Y,Z) {3,  -9.85,   2.04,  -0.16}
Received: ~Icarus~ (N,X,Y,Z) {4,  -9.89,   2.08,  -0.04}
Received: ~Icarus~ (N,X,Y,Z) {0,  -9.81,   2.04,  -0.12}
Received: ~Icarus~ (N,X,Y,Z) {1,  -9.85,   2.00,  -0.08}
Received: ~Icarus~ (N,X,Y,Z) {2,  -9.81,   1.92,  -0.20}
Received: ~Icarus~ (N,X,Y,Z) {3,  -9.81,   2.04,  -0.08}
Received: ~Icarus~ (N,X,Y,Z) {4,  -9.85,   1.92,  -0.12}
Received: ~Icarus~ (N,X,Y,Z) {0,  -9.85,   2.08,  -0.12}
Received: ~Icarus~ (N,X,Y,Z) {1,  -9.89,   1.96,  -0.12}
Received: ~Icarus~ (N,X,Y,Z) {2,  -9.89,   1.96,  -0.16}
Received: ~Icarus~ (N,X,Y,Z) {3,  -9.81,   1.96,  -0.16}
Received: ~Icarus~ (N,X,Y,Z) {4,  -9.81,   1.92,  -0.16}
Received: ~Icarus~ (N,X,Y,Z) {0,  -9.85,   2.00,  -0.12}
Received: ~Icarus~ (N,X,Y,Z) {1,  -9.89,   1.96,  -0.12}
Received: ~Icarus~ (N,X,Y,Z) {2,  -9.85,   2.04,  -0.12}
Received: ~Icarus~ (N,X,Y,Z) {3,  -9.85,   2.04,  -0.16}
Received: ~Icarus~ (N,X,Y,Z) {4,  -9.85,   2.00,  -0.08}
Received: ~Icarus~ (N,X,Y,Z) {0,  -9.85,   2.08,  -0.08}
Received: ~Icarus~ (N,X,Y,Z) {1,  -9.81,   1.92,  -0.20}
Received: ~Icarus~ (N,X,Y,Z) {2,  -9.81,   2.00,  -0.08}
Received: ~Icarus~ (N,X,Y,Z) {3,  -9.85,   2.00,  -0.12}
Received: ~Icarus~ (N,X,Y,Z) {4,  -9.89,   1.96,  -0.12}
Received: ~Icarus~ (N,X,Y,Z) {0,  -9.89,   2.00,  -0.24}
Received: ~Icarus~ (N,X,Y,Z) {1,  -9.85,   2.04,  -0.12}
Received: ~Icarus~ (N,X,Y,Z) {2,  -9.81,   2.00,  -0.20}
Received: ~Icarus~ (N,X,Y,Z) {3,  -9.85,   2.04,  -0.04}
Received: ~Icarus~ (N,X,Y,Z) {0,  -9.81,   2.00,  -0.08}
Received: ~Icarus~ (N,X,Y,Z) {1,  -9.81,   1.92,  -0.27}
Received: ~Icarus~ (N,X,Y,Z) {2,  -9.85,   2.00,  -0.20}
Received: ~Icarus~ (N,X,Y,Z) {3,  -9.85,   2.00,  -0.20}
Received: ~Icarus~ (N,X,Y,Z) {4,  -9.77,   1.92,  -0.08}
Received: ~Icarus~ (N,X,Y,Z) {0, -20.08,   3.65,  -0.27}
Received: ~Icarus~ (N,X,Y,Z) {1,  20.04,   1.02,   1.37}
Received: ~Icarus~ (N,X,Y,Z) {2,  18.91,   0.12,   2.08}
Received: ~Icarus~ (N,X,Y,Z) {3,  16.36,   2.90,  -0.63}
Received: ~Icarus~ (N,X,Y,Z) {0,   4.31,   0.59,  -0.39}
Received: ~Icarus~ (N,X,Y,Z) {1,   3.37,   0.35,  -0.51}
Received: ~Icarus~ (N,X,Y,Z) {2,   2.71,   0.24,  -0.20}
Received: ~Icarus~ (N,X,Y,Z) {3,   2.51,   1.33,  -0.04}
Received: ~Icarus~ (N,X,Y,Z) {4,   2.08,   0.94,  -0.39}
Received: ~Icarus~ (N,X,Y,Z) {0,   0.47,   1.22,  -0.31}
Received: ~Icarus~ (N,X,Y,Z) {1,   0.35,   1.26,  -0.20}
Received: ~Icarus~ (N,X,Y,Z) {2,  -0.90,  -4.28,  -1.22}
Received: ~Icarus~ (N,X,Y,Z) {3,  20.04,  20.04,   9.34}
Received: ~Icarus~ (N,X,Y,Z) {0,   7.88,  -4.79,  13.65}
Received: ~Icarus~ (N,X,Y,Z) {1,  12.04,   3.96,   3.77}
Received: ~Icarus~ (N,X,Y,Z) {0,   7.49,   4.47,   0.55}
Received: ~Icarus~ (N,X,Y,Z) {1,  11.61,   0.63,  -4.86}
Received: ~Icarus~ (N,X,Y,Z) {2,  10.79,   1.06,  -1.14}
Received: ~Icarus~ (N,X,Y,Z) {0,   7.37,   6.63,   5.41}
Received: ~Icarus~ (N,X,Y,Z) {1,  11.30,  -5.18,  -1.53}
Received: ~Icarus~ (N,X,Y,Z) {2,  10.04,   6.43,   6.12}
Received: ~Icarus~ (N,X,Y,Z) {3,   9.30,   3.77,   2.04}
Received: ~Icarus~ (N,X,Y,Z) {0,   7.53,   2.59,   3.61}
Received: ~Icarus~ (N,X,Y,Z) {1,  11.89,   2.04,   4.79}
Received: ~Icarus~ (N,X,Y,Z) {2,  10.94,   4.63,   3.92}
Received: ~Icarus~ (N,X,Y,Z) {0,  11.85,   0.27,   0.86}
Received: ~Icarus~ (N,X,Y,Z) {1,   8.94,  -0.94,   1.22}
Received: ~Icarus~ (N,X,Y,Z) {2,  10.63,   2.82,   2.63}
Received: ~Icarus~ (N,X,Y,Z) {0,  11.81,  -0.63,   1.45}
Received: ~Icarus~ (N,X,Y,Z) {1,   6.94,  -0.71,   2.20}
Received: ~Icarus~ (N,X,Y,Z) {2,  11.18,   4.35,   2.35}
Received: ~Icarus~ (N,X,Y,Z) {3,   9.53,  -1.41,   2.31}
Received: ~Icarus~ (N,X,Y,Z) {0,  10.71,   3.96,   5.57}
Received: ~Icarus~ (N,X,Y,Z) {1,   9.34,  -0.47,   3.53}
Received: ~Icarus~ (N,X,Y,Z) {2,   8.36,   5.53,   6.04}
Received: ~Icarus~ (N,X,Y,Z) {0,  11.85,   2.43,  -0.86}
Received: ~Icarus~ (N,X,Y,Z) {1,   9.77,  -0.55,   0.82}
Received: ~Icarus~ (N,X,Y,Z) {2,  10.79,   0.94,   1.57}
Received: ~Icarus~ (N,X,Y,Z) {0,  14.04,   3.49,   4.75}
Received: ~Icarus~ (N,X,Y,Z) {1,  11.22,  -5.77,   2.67}
Received: ~Icarus~ (N,X,Y,Z) {2,   7.77,   0.35,   4.90}
Received: ~Icarus~ (N,X,Y,Z) {3,  11.96,   1.92,   3.37}
Received: ~Icarus~ (N,X,Y,Z) {0,  10.67,   0.12,   2.59}
Received: ~Icarus~ (N,X,Y,Z) {1,   8.55,  -1.06,   2.31}
Received: ~Icarus~ (N,X,Y,Z) {2,  10.04,   4.86,   6.43}
Received: ~Icarus~ (N,X,Y,Z) {0,  11.06,   1.49,   1.57}
Received: ~Icarus~ (N,X,Y,Z) {1,   8.63,  -3.06,   1.37}
Received: ~Icarus~ (N,X,Y,Z) {2,   7.92,   3.26,   4.55}
Received: ~Icarus~ (N,X,Y,Z) {0,   9.85,  -5.92,   5.45}
Received: ~Icarus~ (N,X,Y,Z) {1,   8.08,   0.90,   4.86}
Received: ~Icarus~ (N,X,Y,Z) {2,  10.20,   7.65,   3.18}
Received: ~Icarus~ (N,X,Y,Z) {0,   9.38,   3.22,   6.86}
Received: ~Icarus~ (N,X,Y,Z) {1,  10.32,  -2.00,   1.45}
Received: ~Icarus~ (N,X,Y,Z) {2,  10.24,   2.24,  -1.37}
Received: ~Icarus~ (N,X,Y,Z) {0,   9.92,   3.61,   3.57}
Received: ~Icarus~ (N,X,Y,Z) {1,   9.65,  -5.26,   0.63}
Received: ~Icarus~ (N,X,Y,Z) {2,   6.00,   1.06,   2.31}
Received: ~Icarus~ (N,X,Y,Z) {0,   7.53,   5.65,   7.18}
Received: ~Icarus~ (N,X,Y,Z) {1,  12.47,   6.79,   4.86}
Received: ~Icarus~ (N,X,Y,Z) {2,  11.81,   4.51,   2.59}
Received: ~Icarus~ (N,X,Y,Z) {0,  10.67,  -0.24,   3.96}
Received: ~Icarus~ (N,X,Y,Z) {1,   8.00,   5.02,   2.67}
Received: ~Icarus~ (N,X,Y,Z) {2,  10.40,  -2.47,  -0.04}
Received: ~Icarus~ (N,X,Y,Z) {0,   8.36,   2.86,   2.39}
Received: ~Icarus~ (N,X,Y,Z) {1,   8.24,   2.24,   5.65}
Received: ~Icarus~ (N,X,Y,Z) {2,   5.81,   0.94,  -1.10}
Received: ~Icarus~ (N,X,Y,Z) {0,  10.28,   3.88,   0.27}
Received: ~Icarus~ (N,X,Y,Z) {1,  10.24,   1.61,   0.86}
Received: ~Icarus~ (N,X,Y,Z) {2,   9.92,   0.63,   1.53}
Received: ~Icarus~ (N,X,Y,Z) {0,   9.81,   2.47,   2.47}
Received: ~Icarus~ (N,X,Y,Z) {1,   9.45,   0.55,  -0.63}
Received: ~Icarus~ (N,X,Y,Z) {2,  12.08,  -4.35,  -0.35}
Received: ~Icarus~ (N,X,Y,Z) {0,   8.39,   4.79,   7.26}
Received: ~Icarus~ (N,X,Y,Z) {1,  12.67,  -2.35,  -3.77}
Received: ~Icarus~ (N,X,Y,Z) {2,  14.63,   2.98,   0.12}
Received: ~Icarus~ (N,X,Y,Z) {0,   9.65,   7.02,   6.08}
Received: ~Icarus~ (N,X,Y,Z) {1,   8.90,  -5.61,   1.29}
Received: ~Icarus~ (N,X,Y,Z) {2,   7.30,   6.90,   5.69}
Received: ~Icarus~ (N,X,Y,Z) {0,   8.47,   4.79,   7.85}
Received: ~Icarus~ (N,X,Y,Z) {1,  13.96,   2.24,   3.06}
Received: ~Icarus~ (N,X,Y,Z) {2,  10.63,   3.53,   3.57}
Received: ~Icarus~ (N,X,Y,Z) {0,  10.28,   2.16,   5.45}
Received: ~Icarus~ (N,X,Y,Z) {1,  13.89,   0.35,  -1.18}
Received: ~Icarus~ (N,X,Y,Z) {2,  10.79,   6.32,   6.00}
Received: ~Icarus~ (N,X,Y,Z) {0,   8.36,  -0.67,   0.90}
Received: ~Icarus~ (N,X,Y,Z) {1,   9.53,   0.24,  -6.63}
Received: ~Icarus~ (N,X,Y,Z) {2,  11.18,  -8.28,  -0.24}
Received: ~Icarus~ (N,X,Y,Z) {0,   6.79,  -0.90,   3.37}
Received: ~Icarus~ (N,X,Y,Z) {1,  10.71,   6.55,   3.80}
Received: ~Icarus~ (N,X,Y,Z) {2,   9.10,   3.69,   5.84}
Received: ~Icarus~ (N,X,Y,Z) {0,  10.16,   0.16,   0.27}
Received: ~Icarus~ (N,X,Y,Z) {1,  11.89,   0.78,   2.67}
Received: ~Icarus~ (N,X,Y,Z) {2,  10.67,  -0.90,   1.61}
Received: ~Icarus~ (N,X,Y,Z) {0,  11.30,   0.12,   2.28}
Received: ~Icarus~ (N,X,Y,Z) {1,  10.16,  -0.67,   2.00}
Received: ~Icarus~ (N,X,Y,Z) {2,  11.22,   2.59,   4.28}
Received: ~Icarus~ (N,X,Y,Z) {0,  11.38,   4.59,   2.98}
Received: ~Icarus~ (N,X,Y,Z) {1,   9.81,   0.55,   1.65}
Received: ~Icarus~ (N,X,Y,Z) {2,  11.30,   3.10,   1.22}
Received: ~Icarus~ (N,X,Y,Z) {0,   9.85,   2.35,   2.12}
Received: ~Icarus~ (N,X,Y,Z) {1,   9.26,  -1.73,   2.39}
Received: ~Icarus~ (N,X,Y,Z) {0,  10.40,   5.96,   2.98}
Received: ~Icarus~ (N,X,Y,Z) {1,   9.26,  -0.75,   0.51}
Received: ~Icarus~ (N,X,Y,Z) {2,   9.92,  -0.12,   4.35}
Received: ~Icarus~ (N,X,Y,Z) {0,  10.08,  -0.75,   2.04}
Received: ~Icarus~ (N,X,Y,Z) {1,  11.34,   1.14,   3.37}
Received: ~Icarus~ (N,X,Y,Z) {2,  11.02,  -0.24,  -0.71}
Received: ~Icarus~ (N,X,Y,Z) {0,   3.49,  -3.53,   8.20}
Received: ~Icarus~ (N,X,Y,Z) {1,  10.94,   9.73,  15.26}
Received: ~Icarus~ (N,X,Y,Z) {0,  11.89,   3.69,   0.24}
Received: ~Icarus~ (N,X,Y,Z) {1,   9.57,  -1.73,   3.26}
Received: ~Icarus~ (N,X,Y,Z) {2,  10.47,   1.77,   0.24}
Received: ~Icarus~ (N,X,Y,Z) {0,  11.14,  -0.98,   1.73}
Received: ~Icarus~ (N,X,Y,Z) {1,   9.57,   1.22,   3.96}
Received: ~Icarus~ (N,X,Y,Z) {0,  11.92,   1.92,   1.61}
Received: ~Icarus~ (N,X,Y,Z) {1,  11.65,  -0.12,   4.12}
Received: ~Icarus~ (N,X,Y,Z) {2,  10.87,   0.31,   1.80}
Received: ~Icarus~ (N,X,Y,Z) {0,   8.90,   4.86,   2.82}
Received: ~Icarus~ (N,X,Y,Z) {1,   9.41,  -6.55,  -4.12}
Received: ~Icarus~ (N,X,Y,Z) {0,  20.04, -11.38,  20.04}
Received: ~Icarus~ (N,X,Y,Z) {0, -15.02, -16.36,   3.65}
Received: ~Icarus~ (N,X,Y,Z) {1,   8.83,   9.61,   0.59}
Received: ~Icarus~ (N,X,Y,Z) {0,  11.34,   0.43,   2.08}
Received: ~Icarus~ (N,X,Y,Z) {1,   1.10,   3.49,  -0.63}
Received: ~Icarus~ (N,X,Y,Z) {0,  10.98,   6.86,  -6.55}
Received: ~Icarus~ (N,X,Y,Z) {1,   2.90,  -6.12,  -1.88}
Received: ~Icarus~ (N,X,Y,Z) {0,   7.61,   5.65,   1.14}
Received: ~Icarus~ (N,X,Y,Z) {1,  10.20,   6.00,   0.59}
Received: ~Icarus~ (N,X,Y,Z) {0,   1.06,  10.75,  -7.57}
Received: ~Icarus~ (N,X,Y,Z) {1,  -3.92,  12.08,  -2.79}
Received: ~Icarus~ (N,X,Y,Z) {0,  -7.30,   9.10,  -5.18}
Received: ~Icarus~ (N,X,Y,Z) {1, -15.61,  12.08,  -7.34}
Received: ~Icarus~ (N,X,Y,Z) {0,  -2.67,   1.49,  -9.41}
Received: ~Icarus~ (N,X,Y,Z) {1,  -7.37,   4.20,  -7.37}
Received: ~Icarus~ (N,X,Y,Z) {0,  -7.77,  -0.51,   9.81}
Received: ~Icarus~ (N,X,Y,Z) {1,  -4.98,   2.35,   2.31}
Received: ~Icarus~ (N,X,Y,Z) {0, -10.32,   5.41,   1.73}
Received: ~Icarus~ (N,X,Y,Z) {1,  -8.36,   4.63,   1.18}
Received: ~Icarus~ (N,X,Y,Z) {0,  -6.35,   9.96,   0.78}
Received: ~Icarus~ (N,X,Y,Z) {1,  -6.16,   6.59,   1.57}
